# JRE version: OpenJDK Runtime Environment 18.9 (11.0.11+9) (build 11.0.11+9)
# Java VM: OpenJDK 64-Bit Server VM 18.9 (11.0.11+9, mixed mode, tiered, compressed oops, g1 gc, windows-amd64)
Heap:
 garbage-first heap   total 262144K, used 98351K [0x0000000740000000, 0x0000000800000000)
  region size 1024K, 11 young (11264K), 1 survivors (1024K)
 Metaspace       used 93565K, capacity 95990K, committed 96304K, reserved 1132544K
  class space    used 12281K, capacity 13365K, committed 13440K, reserved 1048576K
GC Heap History (20 events):
Event: 2708.726 GC heap before
{Heap before GC invocations=128 (full 11):
 garbage-first heap   total 262144K, used 82190K [0x0000000740000000, 0x0000000800000000)
  region size 1024K, 3 young (3072K), 0 survivors (0K)
 Metaspace       used 93041K, capacity 95387K, committed 95664K, reserved 1132544K
  class space    used 12199K, capacity 13251K, committed 13312K, reserved 1048576K
}
Event: 2708.806 GC heap after
{Heap after GC invocations=129 (full 12):
 garbage-first heap   total 262144K, used 80140K [0x0000000740000000, 0x0000000800000000)
  region size 1024K, 0 young (0K), 0 survivors (0K)
 Metaspace       used 93041K, capacity 95387K, committed 95664K, reserved 1132544K
  class space    used 12199K, capacity 13251K, committed 13312K, reserved 1048576K
}
Event: 2710.397 GC heap before
{Heap before GC invocations=129 (full 12):
 garbage-first heap   total 262144K, used 93452K [0x0000000740000000, 0x0000000800000000)
  region size 1024K, 14 young (14336K), 0 survivors (0K)
 Metaspace       used 93058K, capacity 95387K, committed 95664K, reserved 1132544K
  class space    used 12199K, capacity 13251K, committed 13312K, reserved 1048576K
}
Event: 2710.479 GC heap after
{Heap after GC invocations=130 (full 13):
 garbage-first heap   total 262144K, used 80140K [0x0000000740000000, 0x0000000800000000)
  region size 1024K, 0 young (0K), 0 survivors (0K)
 Metaspace       used 93058K, capacity 95387K, committed 95664K, reserved 1132544K
  class space    used 12199K, capacity 13251K, committed 13312K, reserved 1048576K
}
Event: 2710.742 GC heap before
{Heap before GC invocations=130 (full 13):
 garbage-first heap   total 262144K, used 83212K [0x0000000740000000, 0x0000000800000000)
  region size 1024K, 4 young (4096K), 0 survivors (0K)
 Metaspace       used 93058K, capacity 95387K, committed 95664K, reserved 1132544K
  class space    used 12199K, capacity 13251K, committed 13312K, reserved 1048576K
}
Event: 2710.821 GC heap after
{Heap after GC invocations=131 (full 14):
 garbage-first heap   total 262144K, used 80152K [0x0000000740000000, 0x0000000800000000)
  region size 1024K, 0 young (0K), 0 survivors (0K)
 Metaspace       used 93058K, capacity 95387K, committed 95664K, reserved 1132544K
  class space    used 12199K, capacity 13251K, committed 13312K, reserved 1048576K
}
Event: 2715.910 GC heap before
{Heap before GC invocations=131 (full 14):
 garbage-first heap   total 262144K, used 141592K [0x0000000740000000, 0x0000000800000000)
  region size 1024K, 60 young (61440K), 0 survivors (0K)
 Metaspace       used 93075K, capacity 95387K, committed 95664K, reserved 1132544K
  class space    used 12199K, capacity 13251K, committed 13312K, reserved 1048576K
}
Event: 2715.912 GC heap after
{Heap after GC invocations=132 (full 14):
 garbage-first heap   total 262144K, used 80659K [0x0000000740000000, 0x0000000800000000)
  region size 1024K, 1 young (1024K), 1 survivors (1024K)
 Metaspace       used 93075K, capacity 95387K, committed 95664K, reserved 1132544K
  class space    used 12199K, capacity 13251K, committed 13312K, reserved 1048576K
}
Event: 2719.551 GC heap before
{Heap before GC invocations=132 (full 14):
 garbage-first heap   total 262144K, used 124691K [0x0000000740000000, 0x0000000800000000)
  region size 1024K, 45 young (46080K), 1 survivors (1024K)
 Metaspace       used 93112K, capacity 95451K, committed 95664K, reserved 1132544K
  class space    used 12199K, capacity 13251K, committed 13312K, reserved 1048576K
}
Event: 2719.626 GC heap after
{Heap after GC invocations=133 (full 15):
 garbage-first heap   total 262144K, used 80765K [0x0000000740000000, 0x0000000800000000)
  region size 1024K, 0 young (0K), 0 survivors (0K)
 Metaspace       used 93112K, capacity 95451K, committed 95664K, reserved 1132544K
  class space    used 12199K, capacity 13251K, committed 13312K, reserved 1048576K
}
Event: 2738.545 GC heap before
{Heap before GC invocations=133 (full 15):
 garbage-first heap   total 262144K, used 123773K [0x0000000740000000, 0x0000000800000000)
  region size 1024K, 40 young (40960K), 0 survivors (0K)
 Metaspace       used 93147K, capacity 95457K, committed 95664K, reserved 1132544K
  class space    used 12200K, capacity 13253K, committed 13312K, reserved 1048576K
}
Event: 2738.547 GC heap after
{Heap after GC invocations=134 (full 15):
 garbage-first heap   total 262144K, used 84292K [0x0000000740000000, 0x0000000800000000)
  region size 1024K, 1 young (1024K), 1 survivors (1024K)
 Metaspace       used 93147K, capacity 95457K, committed 95664K, reserved 1132544K
  class space    used 12200K, capacity 13253K, committed 13312K, reserved 1048576K
}
Event: 2747.208 GC heap before
{Heap before GC invocations=134 (full 15):
 garbage-first heap   total 262144K, used 110916K [0x0000000740000000, 0x0000000800000000)
  region size 1024K, 25 young (25600K), 1 survivors (1024K)
 Metaspace       used 93445K, capacity 95846K, committed 96048K, reserved 1132544K
  class space    used 12267K, capacity 13364K, committed 13440K, reserved 1048576K
}
Event: 2747.281 GC heap after
{Heap after GC invocations=135 (full 16):
 garbage-first heap   total 262144K, used 79441K [0x0000000740000000, 0x0000000800000000)
  region size 1024K, 0 young (0K), 0 survivors (0K)
 Metaspace       used 93445K, capacity 95846K, committed 96048K, reserved 1132544K
  class space    used 12267K, capacity 13364K, committed 13440K, reserved 1048576K
}
Event: 2749.533 GC heap before
{Heap before GC invocations=135 (full 16):
 garbage-first heap   total 262144K, used 91729K [0x0000000740000000, 0x0000000800000000)
  region size 1024K, 7 young (7168K), 0 survivors (0K)
 Metaspace       used 93466K, capacity 95846K, committed 96048K, reserved 1132544K
  class space    used 12267K, capacity 13364K, committed 13440K, reserved 1048576K
}
Event: 2749.612 GC heap after
{Heap after GC invocations=136 (full 17):
 garbage-first heap   total 262144K, used 80463K [0x0000000740000000, 0x0000000800000000)
  region size 1024K, 0 young (0K), 0 survivors (0K)
 Metaspace       used 93466K, capacity 95846K, committed 96048K, reserved 1132544K
  class space    used 12267K, capacity 13364K, committed 13440K, reserved 1048576K
}
Event: 2754.305 GC heap before
{Heap before GC invocations=136 (full 17):
 garbage-first heap   total 262144K, used 90703K [0x0000000740000000, 0x0000000800000000)
  region size 1024K, 9 young (9216K), 0 survivors (0K)
 Metaspace       used 93511K, capacity 95913K, committed 96048K, reserved 1132544K
  class space    used 12281K, capacity 13365K, committed 13440K, reserved 1048576K
}
Event: 2754.306 GC heap after
{Heap after GC invocations=137 (full 17):
 garbage-first heap   total 262144K, used 82876K [0x0000000740000000, 0x0000000800000000)
  region size 1024K, 1 young (1024K), 1 survivors (1024K)
 Metaspace       used 93511K, capacity 95913K, committed 96048K, reserved 1132544K
  class space    used 12281K, capacity 13365K, committed 13440K, reserved 1048576K
}
Event: 2755.938 GC heap before
{Heap before GC invocations=137 (full 17):
 garbage-first heap   total 262144K, used 103356K [0x0000000740000000, 0x0000000800000000)
  region size 1024K, 17 young (17408K), 1 survivors (1024K)
 Metaspace       used 93530K, capacity 95913K, committed 96048K, reserved 1132544K
  class space    used 12281K, capacity 13365K, committed 13440K, reserved 1048576K
}
Event: 2755.940 GC heap after
{Heap after GC invocations=138 (full 17):
 garbage-first heap   total 262144K, used 88111K [0x0000000740000000, 0x0000000800000000)
  region size 1024K, 1 young (1024K), 1 survivors (1024K)
 Metaspace       used 93530K, capacity 95913K, committed 96048K, reserved 1132544K
  class space    used 12281K, capacity 13365K, committed 13440K, reserved 1048576K
}

